Kokkos::OpenMP::initialize WARNING: OMP_PROC_BIND environment variable not set
  In general, for best performance with OpenMP 4.0 or better set OMP_PROC_BIND=spread and OMP_PLACES=threads
  For best performance with OpenMP 3.1 set OMP_PROC_BIND=true
  For unit testing set OMP_PROC_BIND=false

MPI detected: For OpenMP binding to work as intended, MPI ranks must be bound to exclusive CPU sets.

Host Parallel Execution Space:
  KOKKOS_ENABLE_OPENMP: yes

OpenMP Runtime Configuration:
Kokkos::OpenMP thread_pool_topology[ 1 x 48 x 1 ]
Reading ParaDiS configuration
 Input file: ../relax_high_t/output/config.90000.data
 nodes: 927, segments: 837
 Warning: Burgers vector is not conserved for 180 node(s)
Step =      0: nodes = 927, dt = 0.000000e+00, strain = 0.000000e+00, elapsed = 0.0 sec
Writing configuration in legacy data format
 Output file: output/config.0.data
Writing restart file
 Restart file: output/restart.0.exadis
Run until reaching strain = 0.100000
Step =      1: nodes = 927, dt = 1.000000e-12, strain = 3.000000e-09, elapsed = 0.1 sec
Writing configuration in legacy data format
 Output file: output/config.1.data
Writing restart file
 Restart file: output/restart.1.exadis
Step =      2: nodes = 927, dt = 1.200000e-12, strain = 6.600000e-09, elapsed = 0.2 sec
Writing configuration in legacy data format
 Output file: output/config.2.data
Writing restart file
 Restart file: output/restart.2.exadis
Step =      3: nodes = 927, dt = 1.440000e-12, strain = 1.092000e-08, elapsed = 0.3 sec
Writing configuration in legacy data format
 Output file: output/config.3.data
Writing restart file
 Restart file: output/restart.3.exadis
Step =      4: nodes = 927, dt = 1.728000e-12, strain = 1.610400e-08, elapsed = 0.4 sec
Writing configuration in legacy data format
 Output file: output/config.4.data
Writing restart file
 Restart file: output/restart.4.exadis
Step =      5: nodes = 927, dt = 2.073600e-12, strain = 2.232480e-08, elapsed = 0.5 sec
Writing configuration in legacy data format
 Output file: output/config.5.data
Writing restart file
 Restart file: output/restart.5.exadis
Step =      6: nodes = 927, dt = 2.488320e-12, strain = 2.978976e-08, elapsed = 0.6 sec
Writing configuration in legacy data format
 Output file: output/config.6.data
Writing restart file
 Restart file: output/restart.6.exadis
Step =      7: nodes = 927, dt = 2.985984e-12, strain = 3.874771e-08, elapsed = 0.7 sec
Writing configuration in legacy data format
 Output file: output/config.7.data
Writing restart file
 Restart file: output/restart.7.exadis
Step =      8: nodes = 927, dt = 3.583181e-12, strain = 4.949725e-08, elapsed = 0.8 sec
Writing configuration in legacy data format
 Output file: output/config.8.data
Writing restart file
 Restart file: output/restart.8.exadis
Step =      9: nodes = 927, dt = 4.299817e-12, strain = 6.239671e-08, elapsed = 0.9 sec
Writing configuration in legacy data format
 Output file: output/config.9.data
Writing restart file
 Restart file: output/restart.9.exadis
Step =     10: nodes = 927, dt = 5.159780e-12, strain = 7.787605e-08, elapsed = 1.0 sec
Writing configuration in legacy data format
 Output file: output/config.10.data
Writing restart file
 Restart file: output/restart.10.exadis
Step =     11: nodes = 927, dt = 6.191736e-12, strain = 9.645126e-08, elapsed = 1.0 sec
Writing configuration in legacy data format
 Output file: output/config.11.data
Writing restart file
 Restart file: output/restart.11.exadis
Step =     12: nodes = 927, dt = 7.430084e-12, strain = 1.187415e-07, elapsed = 1.1 sec
Writing configuration in legacy data format
 Output file: output/config.12.data
Writing restart file
 Restart file: output/restart.12.exadis
Step =     13: nodes = 927, dt = 8.916100e-12, strain = 1.454898e-07, elapsed = 1.2 sec
Writing configuration in legacy data format
 Output file: output/config.13.data
Writing restart file
 Restart file: output/restart.13.exadis
Step =     14: nodes = 927, dt = 1.069932e-11, strain = 1.775878e-07, elapsed = 1.3 sec
Writing configuration in legacy data format
 Output file: output/config.14.data
Writing restart file
 Restart file: output/restart.14.exadis
Step =     15: nodes = 927, dt = 1.283918e-11, strain = 2.161053e-07, elapsed = 1.4 sec
Writing configuration in legacy data format
 Output file: output/config.15.data
Writing restart file
 Restart file: output/restart.15.exadis
Step =     16: nodes = 927, dt = 1.540702e-11, strain = 2.623264e-07, elapsed = 1.6 sec
Writing configuration in legacy data format
 Output file: output/config.16.data
Writing restart file
 Restart file: output/restart.16.exadis
Step =     17: nodes = 927, dt = 1.848843e-11, strain = 3.177917e-07, elapsed = 1.8 sec
Writing configuration in legacy data format
 Output file: output/config.17.data
Writing restart file
 Restart file: output/restart.17.exadis
Step =     18: nodes = 927, dt = 2.218611e-11, strain = 3.843500e-07, elapsed = 2.1 sec
Writing configuration in legacy data format
 Output file: output/config.18.data
Writing restart file
 Restart file: output/restart.18.exadis
Step =     19: nodes = 927, dt = 2.662333e-11, strain = 4.642200e-07, elapsed = 2.3 sec
Writing configuration in legacy data format
 Output file: output/config.19.data
Writing restart file
 Restart file: output/restart.19.exadis
Step =     20: nodes = 927, dt = 3.194800e-11, strain = 5.600640e-07, elapsed = 2.6 sec
Writing configuration in legacy data format
 Output file: output/config.20.data
Writing restart file
 Restart file: output/restart.20.exadis
Step =     21: nodes = 927, dt = 3.833760e-11, strain = 6.750768e-07, elapsed = 2.9 sec
Writing configuration in legacy data format
 Output file: output/config.21.data
Writing restart file
 Restart file: output/restart.21.exadis
Step =     22: nodes = 927, dt = 4.600512e-11, strain = 8.130922e-07, elapsed = 3.3 sec
Writing configuration in legacy data format
 Output file: output/config.22.data
Writing restart file
 Restart file: output/restart.22.exadis
Step =     23: nodes = 927, dt = 5.520614e-11, strain = 9.787106e-07, elapsed = 3.7 sec
Writing configuration in legacy data format
 Output file: output/config.23.data
Writing restart file
 Restart file: output/restart.23.exadis
Step =     24: nodes = 927, dt = 6.624737e-11, strain = 1.177453e-06, elapsed = 4.4 sec
Writing configuration in legacy data format
 Output file: output/config.24.data
Writing restart file
 Restart file: output/restart.24.exadis
Step =     25: nodes = 927, dt = 7.949685e-11, strain = 1.415943e-06, elapsed = 4.9 sec
Writing configuration in legacy data format
 Output file: output/config.25.data
Writing restart file
 Restart file: output/restart.25.exadis
Step =     26: nodes = 927, dt = 9.539622e-11, strain = 1.702132e-06, elapsed = 5.7 sec
Writing configuration in legacy data format
 Output file: output/config.26.data
Writing restart file
 Restart file: output/restart.26.exadis
Step =     27: nodes = 927, dt = 1.144755e-10, strain = 2.045558e-06, elapsed = 6.6 sec
Writing configuration in legacy data format
 Output file: output/config.27.data
Writing restart file
 Restart file: output/restart.27.exadis
Step =     28: nodes = 927, dt = 1.373706e-10, strain = 2.457670e-06, elapsed = 7.7 sec
Writing configuration in legacy data format
 Output file: output/config.28.data
Writing restart file
 Restart file: output/restart.28.exadis
Step =     29: nodes = 929, dt = 1.648447e-10, strain = 2.952204e-06, elapsed = 8.7 sec
Writing configuration in legacy data format
 Output file: output/config.29.data
Writing restart file
 Restart file: output/restart.29.exadis
Step =     30: nodes = 929, dt = 1.978136e-10, strain = 3.545645e-06, elapsed = 10.1 sec
Writing configuration in legacy data format
 Output file: output/config.30.data
Writing restart file
 Restart file: output/restart.30.exadis
Step =     31: nodes = 929, dt = 2.373763e-10, strain = 4.257774e-06, elapsed = 11.8 sec
Writing configuration in legacy data format
 Output file: output/config.31.data
Writing restart file
 Restart file: output/restart.31.exadis
Step =     32: nodes = 929, dt = 2.848516e-10, strain = 5.112328e-06, elapsed = 13.8 sec
Writing configuration in legacy data format
 Output file: output/config.32.data
Writing restart file
 Restart file: output/restart.32.exadis
Step =     33: nodes = 929, dt = 3.418219e-10, strain = 6.137794e-06, elapsed = 16.3 sec
Writing configuration in legacy data format
 Output file: output/config.33.data
Writing restart file
 Restart file: output/restart.33.exadis
Step =     34: nodes = 932, dt = 4.101863e-10, strain = 7.368353e-06, elapsed = 20.1 sec
Writing configuration in legacy data format
 Output file: output/config.34.data
Writing restart file
 Restart file: output/restart.34.exadis
Step =     35: nodes = 933, dt = 4.922235e-10, strain = 8.845023e-06, elapsed = 24.0 sec
Writing configuration in legacy data format
 Output file: output/config.35.data
Writing restart file
 Restart file: output/restart.35.exadis
Step =     36: nodes = 933, dt = 5.906682e-10, strain = 1.061703e-05, elapsed = 28.3 sec
Writing configuration in legacy data format
 Output file: output/config.36.data
Writing restart file
 Restart file: output/restart.36.exadis
Step =     37: nodes = 934, dt = 7.088019e-10, strain = 1.274343e-05, elapsed = 33.6 sec
Writing configuration in legacy data format
 Output file: output/config.37.data
Writing restart file
 Restart file: output/restart.37.exadis
Step =     38: nodes = 935, dt = 8.505622e-10, strain = 1.529512e-05, elapsed = 40.3 sec
Writing configuration in legacy data format
 Output file: output/config.38.data
Writing restart file
 Restart file: output/restart.38.exadis
Step =     39: nodes = 935, dt = 1.020675e-09, strain = 1.835714e-05, elapsed = 49.6 sec
Writing configuration in legacy data format
 Output file: output/config.39.data
Writing restart file
 Restart file: output/restart.39.exadis
Step =     40: nodes = 936, dt = 1.224810e-09, strain = 2.203157e-05, elapsed = 60.0 sec
Writing configuration in legacy data format
 Output file: output/config.40.data
Writing restart file
 Restart file: output/restart.40.exadis
Step =     41: nodes = 938, dt = 1.469772e-09, strain = 2.644089e-05, elapsed = 70.9 sec
Writing configuration in legacy data format
 Output file: output/config.41.data
Writing restart file
 Restart file: output/restart.41.exadis
Step =     42: nodes = 945, dt = 1.763726e-09, strain = 3.173207e-05, elapsed = 85.5 sec
Writing configuration in legacy data format
 Output file: output/config.42.data
Writing restart file
 Restart file: output/restart.42.exadis
Step =     43: nodes = 948, dt = 2.116471e-09, strain = 3.808148e-05, elapsed = 103.8 sec
Writing configuration in legacy data format
 Output file: output/config.43.data
Writing restart file
 Restart file: output/restart.43.exadis
Step =     44: nodes = 949, dt = 2.539765e-09, strain = 4.570077e-05, elapsed = 125.5 sec
Writing configuration in legacy data format
 Output file: output/config.44.data
Writing restart file
 Restart file: output/restart.44.exadis
Step =     45: nodes = 955, dt = 3.047718e-09, strain = 5.484393e-05, elapsed = 156.6 sec
Writing configuration in legacy data format
 Output file: output/config.45.data
Writing restart file
 Restart file: output/restart.45.exadis
Step =     46: nodes = 959, dt = 3.657262e-09, strain = 6.581572e-05, elapsed = 188.1 sec
Writing configuration in legacy data format
 Output file: output/config.46.data
Writing restart file
 Restart file: output/restart.46.exadis
Step =     47: nodes = 969, dt = 4.388714e-09, strain = 7.898186e-05, elapsed = 232.1 sec
Writing configuration in legacy data format
 Output file: output/config.47.data
Writing restart file
 Restart file: output/restart.47.exadis
Step =     48: nodes = 976, dt = 5.266457e-09, strain = 9.478123e-05, elapsed = 278.2 sec
Writing configuration in legacy data format
 Output file: output/config.48.data
Writing restart file
 Restart file: output/restart.48.exadis
Step =     49: nodes = 993, dt = 6.319749e-09, strain = 1.137405e-04, elapsed = 331.9 sec
Writing configuration in legacy data format
 Output file: output/config.49.data
Writing restart file
 Restart file: output/restart.49.exadis
Step =     50: nodes = 1013, dt = 7.583698e-09, strain = 1.364916e-04, elapsed = 396.7 sec
Writing configuration in legacy data format
 Output file: output/config.50.data
Writing restart file
 Restart file: output/restart.50.exadis
Step =     51: nodes = 1037, dt = 9.100438e-09, strain = 1.637929e-04, elapsed = 488.6 sec
Writing configuration in legacy data format
 Output file: output/config.51.data
Writing restart file
 Restart file: output/restart.51.exadis
Step =     52: nodes = 1071, dt = 1.092053e-08, strain = 1.965545e-04, elapsed = 585.6 sec
Writing configuration in legacy data format
 Output file: output/config.52.data
Writing restart file
 Restart file: output/restart.52.exadis
Step =     53: nodes = 1136, dt = 1.310463e-08, strain = 2.358684e-04, elapsed = 762.8 sec
Writing configuration in legacy data format
 Output file: output/config.53.data
Writing restart file
 Restart file: output/restart.53.exadis
Step =     54: nodes = 1190, dt = 1.572556e-08, strain = 2.830450e-04, elapsed = 992.1 sec
Writing configuration in legacy data format
 Output file: output/config.54.data
Writing restart file
 Restart file: output/restart.54.exadis
Step =     55: nodes = 1284, dt = 1.887067e-08, strain = 3.396570e-04, elapsed = 1285.7 sec
Writing configuration in legacy data format
 Output file: output/config.55.data
Writing restart file
 Restart file: output/restart.55.exadis
Step =     56: nodes = 1393, dt = 2.264480e-08, strain = 4.075914e-04, elapsed = 1632.3 sec
Writing configuration in legacy data format
 Output file: output/config.56.data
Writing restart file
 Restart file: output/restart.56.exadis
Step =     57: nodes = 1583, dt = 2.717376e-08, strain = 4.891127e-04, elapsed = 2245.9 sec
Writing configuration in legacy data format
 Output file: output/config.57.data
Writing restart file
 Restart file: output/restart.57.exadis
Step =     58: nodes = 1800, dt = 3.260852e-08, strain = 5.869383e-04, elapsed = 3042.3 sec
Writing configuration in legacy data format
 Output file: output/config.58.data
Writing restart file
 Restart file: output/restart.58.exadis
Step =     59: nodes = 2165, dt = 3.913022e-08, strain = 7.043289e-04, elapsed = 4317.3 sec
Writing configuration in legacy data format
 Output file: output/config.59.data
Writing restart file
 Restart file: output/restart.59.exadis
Step =     60: nodes = 2495, dt = 4.695626e-08, strain = 8.451977e-04, elapsed = 6480.1 sec
Writing configuration in legacy data format
 Output file: output/config.60.data
Writing restart file
 Restart file: output/restart.60.exadis
Step =     61: nodes = 3036, dt = 5.634751e-08, strain = 1.014240e-03, elapsed = 9952.8 sec
Writing configuration in legacy data format
 Output file: output/config.61.data
Writing restart file
 Restart file: output/restart.61.exadis
Step =     62: nodes = 3606, dt = 6.761702e-08, strain = 1.217091e-03, elapsed = 17210.9 sec
Writing configuration in legacy data format
 Output file: output/config.62.data
Writing restart file
 Restart file: output/restart.62.exadis
Step =     63: nodes = 4373, dt = 8.114042e-08, strain = 1.460513e-03, elapsed = 30358.6 sec
Writing configuration in legacy data format
 Output file: output/config.63.data
Writing restart file
 Restart file: output/restart.63.exadis
Warning: max collisions have been reached. Some collisions have been ignored
Step =     64: nodes = 5677, dt = 9.736850e-08, strain = 1.752618e-03, elapsed = 57820.3 sec
Writing configuration in legacy data format
 Output file: output/config.64.data
Writing restart file
 Restart file: output/restart.64.exadis
Warning: max collisions have been reached. Some collisions have been ignored
Step =     65: nodes = 7954, dt = 1.000000e-07, strain = 2.052618e-03, elapsed = 109156.5 sec
Writing configuration in legacy data format
 Output file: output/config.65.data
Writing restart file
 Restart file: output/restart.65.exadis
slurmstepd-c2n006: error: *** JOB 253810 ON c2n006 CANCELLED AT 2026-05-27T10:20:18 ***
