Step =      0: nodes = 941, dt = 0.000000e+00, strain = 0.000000e+00, elapsed = 0.0 sec
Writing configuration in legacy data format
 Output file: output/config.0.data
Writing restart file
 Restart file: output/restart.0.exadis
Run until reaching strain = 0.100000
Step =      1: nodes = 941, dt = 1.000000e-12, strain = 3.000000e-09, elapsed = 0.1 sec
Writing configuration in legacy data format
 Output file: output/config.1.data
Writing restart file
 Restart file: output/restart.1.exadis
Step =      2: nodes = 941, dt = 1.200000e-12, strain = 6.600000e-09, elapsed = 0.2 sec
Writing configuration in legacy data format
 Output file: output/config.2.data
Writing restart file
 Restart file: output/restart.2.exadis
Step =      3: nodes = 941, dt = 1.440000e-12, strain = 1.092000e-08, elapsed = 0.3 sec
Writing configuration in legacy data format
 Output file: output/config.3.data
Writing restart file
 Restart file: output/restart.3.exadis
Step =      4: nodes = 941, dt = 1.728000e-12, strain = 1.610400e-08, elapsed = 0.4 sec
Writing configuration in legacy data format
 Output file: output/config.4.data
Writing restart file
 Restart file: output/restart.4.exadis
Step =      5: nodes = 941, dt = 2.073600e-12, strain = 2.232480e-08, elapsed = 0.6 sec
Writing configuration in legacy data format
 Output file: output/config.5.data
Writing restart file
 Restart file: output/restart.5.exadis
Step =      6: nodes = 941, dt = 2.488320e-12, strain = 2.978976e-08, elapsed = 0.7 sec
Writing configuration in legacy data format
 Output file: output/config.6.data
Writing restart file
 Restart file: output/restart.6.exadis
Step =      7: nodes = 941, dt = 2.985984e-12, strain = 3.874771e-08, elapsed = 0.9 sec
Writing configuration in legacy data format
 Output file: output/config.7.data
Writing restart file
 Restart file: output/restart.7.exadis
Step =      8: nodes = 941, dt = 3.583181e-12, strain = 4.949725e-08, elapsed = 1.1 sec
Writing configuration in legacy data format
 Output file: output/config.8.data
Writing restart file
 Restart file: output/restart.8.exadis
Step =      9: nodes = 941, dt = 4.299817e-12, strain = 6.239671e-08, elapsed = 1.3 sec
Writing configuration in legacy data format
 Output file: output/config.9.data
Writing restart file
 Restart file: output/restart.9.exadis
Step =     10: nodes = 941, dt = 5.159780e-12, strain = 7.787605e-08, elapsed = 1.5 sec
Writing configuration in legacy data format
 Output file: output/config.10.data
Writing restart file
 Restart file: output/restart.10.exadis
Step =     11: nodes = 941, dt = 6.191736e-12, strain = 9.645126e-08, elapsed = 1.8 sec
Writing configuration in legacy data format
 Output file: output/config.11.data
Writing restart file
 Restart file: output/restart.11.exadis
Step =     12: nodes = 941, dt = 7.430084e-12, strain = 1.187415e-07, elapsed = 2.1 sec
Writing configuration in legacy data format
 Output file: output/config.12.data
Writing restart file
 Restart file: output/restart.12.exadis
Step =     13: nodes = 941, dt = 8.916100e-12, strain = 1.454898e-07, elapsed = 2.5 sec
Writing configuration in legacy data format
 Output file: output/config.13.data
Writing restart file
 Restart file: output/restart.13.exadis
Step =     14: nodes = 941, dt = 1.069932e-11, strain = 1.775878e-07, elapsed = 2.8 sec
Writing configuration in legacy data format
 Output file: output/config.14.data
Writing restart file
 Restart file: output/restart.14.exadis
Step =     15: nodes = 941, dt = 1.283918e-11, strain = 2.161053e-07, elapsed = 3.2 sec
Writing configuration in legacy data format
 Output file: output/config.15.data
Writing restart file
 Restart file: output/restart.15.exadis
Step =     16: nodes = 941, dt = 1.540702e-11, strain = 2.623264e-07, elapsed = 3.7 sec
Writing configuration in legacy data format
 Output file: output/config.16.data
Writing restart file
 Restart file: output/restart.16.exadis
Step =     17: nodes = 941, dt = 1.848843e-11, strain = 3.177917e-07, elapsed = 4.4 sec
Writing configuration in legacy data format
 Output file: output/config.17.data
Writing restart file
 Restart file: output/restart.17.exadis
Step =     18: nodes = 941, dt = 2.218611e-11, strain = 3.843500e-07, elapsed = 5.0 sec
Writing configuration in legacy data format
 Output file: output/config.18.data
Writing restart file
 Restart file: output/restart.18.exadis
Step =     19: nodes = 941, dt = 2.662333e-11, strain = 4.642200e-07, elapsed = 5.8 sec
Writing configuration in legacy data format
 Output file: output/config.19.data
Writing restart file
 Restart file: output/restart.19.exadis
Step =     20: nodes = 941, dt = 3.194800e-11, strain = 5.600640e-07, elapsed = 6.6 sec
Writing configuration in legacy data format
 Output file: output/config.20.data
Writing restart file
 Restart file: output/restart.20.exadis
Step =     21: nodes = 941, dt = 3.833760e-11, strain = 6.750768e-07, elapsed = 7.4 sec
Writing configuration in legacy data format
 Output file: output/config.21.data
Writing restart file
 Restart file: output/restart.21.exadis
Step =     22: nodes = 941, dt = 4.600512e-11, strain = 8.130922e-07, elapsed = 8.0 sec
Writing configuration in legacy data format
 Output file: output/config.22.data
Writing restart file
 Restart file: output/restart.22.exadis
Step =     23: nodes = 940, dt = 5.520614e-11, strain = 9.787106e-07, elapsed = 8.8 sec
Writing configuration in legacy data format
 Output file: output/config.23.data
Writing restart file
 Restart file: output/restart.23.exadis
Step =     24: nodes = 940, dt = 6.624737e-11, strain = 1.177453e-06, elapsed = 9.6 sec
Writing configuration in legacy data format
 Output file: output/config.24.data
Writing restart file
 Restart file: output/restart.24.exadis
Step =     25: nodes = 940, dt = 7.949685e-11, strain = 1.415943e-06, elapsed = 10.6 sec
Writing configuration in legacy data format
 Output file: output/config.25.data
Writing restart file
 Restart file: output/restart.25.exadis
Step =     26: nodes = 940, dt = 9.539622e-11, strain = 1.702132e-06, elapsed = 11.8 sec
Writing configuration in legacy data format
 Output file: output/config.26.data
Writing restart file
 Restart file: output/restart.26.exadis
Step =     27: nodes = 940, dt = 1.144755e-10, strain = 2.045558e-06, elapsed = 13.3 sec
Writing configuration in legacy data format
 Output file: output/config.27.data
Writing restart file
 Restart file: output/restart.27.exadis
Step =     28: nodes = 940, dt = 1.373706e-10, strain = 2.457670e-06, elapsed = 15.1 sec
Writing configuration in legacy data format
 Output file: output/config.28.data
Writing restart file
 Restart file: output/restart.28.exadis
Step =     29: nodes = 940, dt = 1.648447e-10, strain = 2.952204e-06, elapsed = 17.3 sec
Writing configuration in legacy data format
 Output file: output/config.29.data
Writing restart file
 Restart file: output/restart.29.exadis
Step =     30: nodes = 942, dt = 1.978136e-10, strain = 3.545645e-06, elapsed = 19.4 sec
Writing configuration in legacy data format
 Output file: output/config.30.data
Writing restart file
 Restart file: output/restart.30.exadis
Step =     31: nodes = 942, dt = 2.373763e-10, strain = 4.257774e-06, elapsed = 22.4 sec
Writing configuration in legacy data format
 Output file: output/config.31.data
Writing restart file
 Restart file: output/restart.31.exadis
Step =     32: nodes = 942, dt = 2.848516e-10, strain = 5.112328e-06, elapsed = 25.9 sec
Writing configuration in legacy data format
 Output file: output/config.32.data
Writing restart file
 Restart file: output/restart.32.exadis
Step =     33: nodes = 942, dt = 3.418219e-10, strain = 6.137794e-06, elapsed = 30.2 sec
Writing configuration in legacy data format
 Output file: output/config.33.data
Writing restart file
 Restart file: output/restart.33.exadis
Step =     34: nodes = 942, dt = 4.101863e-10, strain = 7.368353e-06, elapsed = 35.2 sec
Writing configuration in legacy data format
 Output file: output/config.34.data
Writing restart file
 Restart file: output/restart.34.exadis
Step =     35: nodes = 944, dt = 4.922235e-10, strain = 8.845023e-06, elapsed = 41.3 sec
Writing configuration in legacy data format
 Output file: out