Host Parallel Execution Space:
  KOKKOS_ENABLE_OPENMP: yes

OpenMP Runtime Configuration:
Kokkos::OpenMP thread_pool_topology[ 1 x 48 x 1 ]
Reading ParaDiS configuration
 Input file: ../relax_high_t/output/config.90000.data
 nodes: 927, segments: 837
 Warning: Burgers vector is not conserved for 180 node(s)
Step =      0: nodes = 927, dt = 0.000000e+00, strain = 0.000000e+00, elapsed = 0.2 sec
Writing configuration in legacy data format
 Output file: output/config.0.data
Writing restart file
 Restart file: output/restart.0.exadis
Run until reaching strain = 0.100000
Step =      1: nodes = 927, dt = 1.000000e-12, strain = 3.000000e-09, elapsed = 3.6 sec
Writing configuration in legacy data format
 Output file: output/config.1.data
Writing restart file
 Restart file: output/restart.1.exadis
Step =      2: nodes = 927, dt = 1.200000e-12, strain = 6.600000e-09, elapsed = 7.0 sec
Writing configuration in legacy data format
 Output file: output/config.2.data
Writing restart file
 Restart file: output/restart.2.exadis
Step =      3: nodes = 927, dt = 1.440000e-12, strain = 1.092000e-08, elapsed = 10.6 sec
Writing configuration in legacy data format
 Output file: output/config.3.data
Writing restart file
 Restart file: output/restart.3.exadis
Step =      4: nodes = 927, dt = 1.728000e-12, strain = 1.610400e-08, elapsed = 14.4 sec
Writing configuration in legacy data format
 Output file: output/config.4.data
Writing restart file
 Restart file: output/restart.4.exadis
Step =      5: nodes = 927, dt = 2.073600e-12, strain = 2.232480e-08, elapsed = 18.2 sec
Writing configuration in legacy data format
 Output file: output/config.5.data
Writing restart file
 Restart file: output/restart.5.exadis
Step =      6: nodes = 927, dt = 2.488320e-12, strain = 2.978976e-08, elapsed = 22.0 sec
Writing configuration in legacy data format
 Output file: output/config.6.data
Writing restart file
 Restart file: output/restart.6.exadis
Step =      7: nodes = 927, dt = 2.985984e-12, strain = 3.874771e-08, elapsed = 26.2 sec
Writing configuration in legacy data format
 Output file: output/config.7.data
Writing restart file
 Restart file: output/restart.7.exadis
Step =      8: nodes = 927, dt = 3.583181e-12, strain = 4.949725e-08, elapsed = 30.2 sec
Writing configuration in legacy data format
 Output file: output/config.8.data
Writing restart file
 Restart file: output/restart.8.exadis
Step =      9: nodes = 927, dt = 4.299817e-12, strain = 6.239671e-08, elapsed = 34.3 sec
Writing configuration in legacy data format
 Output file: output/config.9.data
Writing restart file
 Restart file: output/restart.9.exadis
Step =     10: nodes = 927, dt = 5.159780e-12, strain = 7.787605e-08, elapsed = 39.3 sec
Writing configuration in legacy data format
 Output file: output/config.10.data
Writing restart file
 Restart file: output/restart.10.exadis
Step =     11: nodes = 927, dt = 6.191736e-12, strain = 9.645126e-08, elapsed = 43.9 sec
Writing configuration in legacy data format
 Output file: output/config.11.data
Writing restart file
 Restart file: output/restart.11.exadis
Step =     12: nodes = 927, dt = 7.430084e-12, strain = 1.187415e-07, elapsed = 49.1 sec
Writing configuration in legacy data format
 Output file: output/config.12.data
Writing restart file
 Restart file: output/restart.12.exadis
Step =     13: nodes = 927, dt = 8.916100e-12, strain = 1.454898e-07, elapsed = 54.1 sec
Writing configuration in legacy data format
 Output file: output/config.13.data
Writing restart file
 Restart file: output/restart.13.exadis
Step =     14: nodes = 927, dt = 1.069932e-11, strain = 1.775878e-07, elapsed = 59.5 sec
Writing configuration in legacy data format
 Output file: output/config.14.data
Writing restart file
 Restart file: output/restart.14.exadis
Step =     15: nodes = 927, dt = 1.283918e-11, strain = 2.161053e-07, elapsed = 65.8 sec
Writing configuration in legacy data format
 Output file: output/config.15.data
Writing restart file
 Restart file: output/restart.15.exadis
Step =     16: nodes = 927, dt = 1.540702e-11, strain = 2.623264e-07, elapsed = 72.2 sec
Writing configuration in legacy data format
 Output file: output/config.16.data
Writing restart file
 Restart file: output/restart.16.exadis
Step =     17: nodes = 927, dt = 1.848843e-11, strain = 3.177917e-07, elapsed = 79.3 sec
Writing configuration in legacy data format
 Output file: output/config.17.data
Writing restart file
 Restart file: output/restart.17.exadis
Step =     18: nodes = 927, dt = 2.218611e-11, strain = 3.843500e-07, elapsed = 86.9 sec
Writing configuration in legacy data format
 Output file: output/config.18.data
Writing restart file
 Restart file: output/restart.18.exadis
Step =     19: nodes = 927, dt = 2.662333e-11, strain = 4.642200e-07, elapsed = 96.1 sec
Writing configuration in legacy data format
 Output file: output/config.19.data
Writing restart file
 Restart file: output/restart.19.exadis
Step =     20: nodes = 927, dt = 3.194800e-11, strain = 5.600640e-07, elapsed = 105.3 sec
Writing configuration in legacy data format
 Output file: output/config.20.data
Writing restart file
 Restart file: output/restart.20.exadis
Step =     21: nodes = 927, dt = 3.833760e-11, strain = 6.750768e-07, elapsed = 115.5 sec
Writing configuration in legacy data format
 Output file: output/config.21.data
Writing restart file
 Restart file: output/restart.21.exadis
Step =     22: nodes = 927, dt = 4.600512e-11, strain = 8.130922e-07, elapsed = 127.7 sec
Writing configuration in legacy data format
 Output file: output/config.22.data
Writing restart file
 Restart file: output/restart.22.exadis
Step =     23: nodes = 927, dt = 5.520614e-11, strain = 9.787106e-07, elapsed = 140.8 sec
Writing configuration in legacy data format
 Output file: output/config.23.data
Writing restart file
 Restart file: output/restart.23.exadis
Step =     24: nodes = 927, dt = 6.624737e-11, strain = 1.177453e-06, elapsed = 157.3 sec
Writing configuration in legacy data format
 Output file: output/config.24.data
Writing restart file
 Restart file: output/restart.24.exadis
Step =     25: nodes = 927, dt = 7.949685e-11, strain = 1.415943e-06, elapsed = 174.5 sec
Writing configuration in legacy data format
 Output file: output/config.25.data
Writing restart file
 Restart file: output/restart.25.exadis
Step =     26: nodes = 927, dt = 9.539622e-11, strain = 1.702132e-06, elapsed = 195.3 sec
Writing configuration in legacy data format
 Output file: output/config.26.data
Writing restart file
 Restart file: output/restart.26.exadis
Step =     27: nodes = 929, dt = 1.144755e-10, strain = 2.045558e-06, elapsed = 221.0 sec
Writing configuration in legacy data format
 Output file: output/config.27.data
Writing restart file
 Restart file: output/restart.27.exadis
Step =     28: nodes = 929, dt = 1.373706e-10, strain = 2.457670e-06, elapsed = 248.8 sec
Writing configuration in legacy data format
 Output file: output/config.28.data
Writing restart file
 Restart file: output/restart.28.exadis
Step =     29: nodes = 929, dt = 1.648447e-10, strain = 2.952204e-06, elapsed = 282.2 sec
Writing configuration in legacy data format
 Output file: output/config.29.data
Writing restart file
 Restart file: output/restart.29.exadis
Step =     30: nodes = 929, dt = 1.978136e-10, strain = 3.545645e-06, elapsed = 319.4 sec
Writing configuration in legacy data format
 Output file: output/config.30.data
Writing restart file
 Restart file: output/restart.30.exadis
Step =     31: nodes = 929, dt = 2.373763e-10, strain = 4.257774e-06, elapsed = 364.3 sec
Writing configuration in legacy data format
 Output file: output/config.31.data
Writing restart file
 Restart file: output/restart.31.exadis
Step =     32: nodes = 929, dt = 2.848516e-10, strain = 5.112328e-06, elapsed = 421.3 sec
Writing configuration in legacy data format
 Output file: output/config.32.data
Writing restart file
 Restart file: output/restart.32.exadis
Step =     33: nodes = 932, dt = 3.418219e-10, strain = 6.137794e-06, elapsed = 493.1 sec
Writing configuration in legacy data format
 Output file: output/config.33.data
Writing restart file
 Restart file: output/restart.33.exadis
Step =     34: nodes = 932, dt = 4.101863e-10, strain = 7.368353e-06, elapsed = 604.3 sec
Writing configuration in legacy data format
 Output file: output/config.34.data
Writing restart file
 Restart file: output/restart.34.exadis
Step =     35: nodes = 932, dt = 4.922235e-10, strain = 8.845023e-06, elapsed = 698.1 sec
Writing configuration in legacy data format
 Output file: output/config.35.data
Writing restart file
 Restart file: output/restart.35.exadis
Step =     36: nodes = 932, dt = 5.906682e-10, strain = 1.061703e-05, elapsed = 815.5 sec
Writing configuration in legacy data format
 Output file: output/config.36.data
Writing restart file
 Restart file: output/restart.36.exadis
Step =     37: nodes = 933, dt = 7.088019e-10, strain = 1.274343e-05, elapsed = 939.8 sec
Writing configuration in legacy data format
 Output file: output/config.37.data
Writing restart file
 Restart file: output/restart.37.exadis
Step =     38: nodes = 934, dt = 8.505622e-10, strain = 1.529512e-05, elapsed = 1104.4 sec
Writing configuration in legacy data format
 Output file: output/config.38.data
Writing restart file
 Restart file: output/restart.38.exadis
Step =     39: nodes = 936, dt = 1.020675e-09, strain = 1.835714e-05, elapsed = 1306.4 sec
Writing configuration in legacy data format
 Output file: output/config.39.data
Writing restart file
 Restart file: output/restart.39.exadis
Step =     40: nodes = 938, dt = 1.224810e-09, strain = 2.203157e-05, elapsed = 1558.8 sec
Writing configuration in legacy data format
 Output file: output/config.40.data
Writing restart file
 Restart file: output/restart.40.exadis
Step =     41: nodes = 940, dt = 1.469772e-09, strain = 2.644089e-05, elapsed = 1832.6 sec
Writing configuration in legacy data format
 Output file: output/config.41.data
Writing restart file
 Restart file: output/restart.41.exadis
Step =     42: nodes = 945, dt = 1.763726e-09, strain = 3.173207e-05, elapsed = 2188.3 sec
Writing configuration in legacy data format
 Output file: output/config.42.data
Writing restart file
 Restart file: output/restart.42.exadis
Step =     43: nodes = 951, dt = 2.116471e-09, strain = 3.808148e-05, elapsed = 2589.7 sec
Writing configuration in legacy data format
 Output file: output/config.43.data
Writing restart file
 Restart file: output/restart.43.exadis
Step =     44: nodes = 956, dt = 2.539765e-09, strain = 4.570077e-05, elapsed = 3034.3 sec
Writing configuration in legacy data format
 Output file: output/config.44.data
Writing restart file
 Restart file: output/restart.44.exadis
Step =     45: nodes = 962, dt = 3.047718e-09, strain = 5.484393e-05, elapsed = 3627.2 sec
Writing configuration in legacy data format
 Output file: output/config.45.data
Writing restart file
 Restart file: output/restart.45.exadis
Step =     46: nodes = 974, dt = 3.657262e-09, strain = 6.581572e-05, elapsed = 4365.7 sec
Writing configuration in legacy data format
 Output file: output/config.46.data
Writing restart file
 Restart file: output/restart.46.exadis
Step =     47: nodes = 999, dt = 4.388714e-09, strain = 7.898186e-05, elapsed = 5390.6 sec
Writing configuration in legacy data format
 Output file: output/config.47.data
Writing restart file
 Restart file: output/restart.47.exadis
Step =     48: nodes = 1018, dt = 5.266457e-09, strain = 9.478123e-05, elapsed = 6468.6 sec
Writing configuration in legacy data format
 Output file: output/config.48.data
Writing restart file
 Restart file: output/restart.48.exadis
Step =     49: nodes = 1051, dt = 6.319749e-09, strain = 1.137405e-04, elapsed = 7803.3 sec
Writing configuration in legacy data format
 Output file: output/config.49.data
Writing restart file
 Restart file: output/restart.49.exadis
Step =     50: nodes = 1077, dt = 7.583698e-09, strain = 1.364916e-04, elapsed = 9883.3 sec
Writing configuration in legacy data format
 Output file: output/config.50.data
Writing restart file
 Restart file: output/restart.50.exadis
Step =     51: nodes = 1134, dt = 9.100438e-09, strain = 1.637929e-04, elapsed = 12089.9 sec
Writing configuration in legacy data format
 Output file: output/config.51.data
Writing restart file
 Restart file: output/restart.51.exadis
Step =     52: nodes = 1205, dt = 1.092053e-08, strain = 1.965545e-04, elapsed = 15382.9 sec
Writing configuration in legacy data format
 Output file: output/config.52.data
Writing restart file
 Restart file: output/restart.52.exadis
Step =     53: nodes = 1268, dt = 1.310463e-08, strain = 2.358684e-04, elapsed = 19777.7 sec
Writing configuration in legacy data format
 Output file: output/config.53.data
Writing restart file
 Restart file: output/restart.53.exadis
Step =     54: nodes = 1344, dt = 1.572556e-08, strain = 2.830450e-04, elapsed = 23549.3 sec
Writing configuration in legacy data format
 Output file: output/config.54.data
Writing restart file
 Restart file: output/restart.54.exadis
Step =     55: nodes = 1435, dt = 1.887067e-08, strain = 3.396570e-04, elapsed = 29015.0 sec
Writing configuration in legacy data format
 Output file: output/config.55.data
Writing restart file
 Restart file: output/restart.55.exadis
Step =     56: nodes = 1577, dt = 2.264480e-08, strain = 4.075914e-04, elapsed = 36853.3 sec
Writing configuration in legacy data format
 Output file: output/config.56.data
Writing restart file
 Restart file: output/restart.56.exadis
Step =     57: nodes = 1733, dt = 2.717376e-08, strain = 4.891127e-04, elapsed = 49168.4 sec
Writing configuration in legacy data format
 Output file: output/config.57.data
Writing restart file
 Restart file: output/restart.57.exadis
Step =     58: nodes = 1964, dt = 3.260852e-08, strain = 5.869383e-04, elapsed = 64558.0 sec
Writing configuration in legacy data format
 Output file: output/config.58.data
Writing restart file
 Restart file: output/restart.58.exadis
slurmstepd-c2n057: error: *** JOB 244241 ON c2n057 CANCELLED AT 2026-05-22T14:35:31 ***
