Host Parallel Execution Space:
  KOKKOS_ENABLE_OPENMP: yes

OpenMP Runtime Configuration:
Kokkos::OpenMP thread_pool_topology[ 1 x 48 x 1 ]
Reading ParaDiS configuration
 Input file: ../relax_high_t/output/config.90000.data
 nodes: 927, segments: 837
 Warning: Burgers vector is not conserved for 180 node(s)
Step =      0: nodes = 927, dt = 0.000000e+00, strain = 0.000000e+00, elapsed = 0.2 sec
Writing configuration in legacy data format
 Output file: output/config.0.data
Writing restart file
 Restart file: output/restart.0.exadis
Run until reaching strain = 0.100000
Step =     10: nodes = 892, dt = 5.159780e-12, strain = 7.787605e-08, elapsed = 36.7 sec
Writing configuration in legacy data format
 Output file: output/config.10.data
Writing restart file
 Restart file: output/restart.10.exadis
Step =     20: nodes = 891, dt = 3.194800e-11, strain = 5.600640e-07, elapsed = 167.8 sec
Writing configuration in legacy data format
 Output file: output/config.20.data
Writing restart file
 Restart file: output/restart.20.exadis
Step =     30: nodes = 889, dt = 1.978136e-10, strain = 3.545645e-06, elapsed = 776.8 sec
Writing configuration in legacy data format
 Output file: output/config.30.data
Writing restart file
 Restart file: output/restart.30.exadis
Step =     40: nodes = 888, dt = 1.224810e-09, strain = 2.203157e-05, elapsed = 4893.4 sec
Writing configuration in legacy data format
 Output file: output/config.40.data
Writing restart file
 Restart file: output/restart.40.exadis
Step =     50: nodes = 920, dt = 7.583698e-09, strain = 1.364916e-04, elapsed = 32891.1 sec
Writing configuration in legacy data format
 Output file: output/config.50.data
Writing restart file
 Restart file: output/restart.50.exadis
slurmstepd-c2n134: error: *** JOB 241222 ON c2n134 CANCELLED AT 2026-05-20T13:50:02 ***
